Connecting as dart_user@localhost:1521/XEPDB1 using local python-oracledb checkout...
2025-12-03 22:34:07.500 Sending packet [op 1] on socket 504
0000 : 01 28 00 00 01 00 00 00 |.(......|
0008 : 01 3F 01 2C 00 01 20 00 |.?.,....|
0016 : 20 00 4F 98 00 00 00 01 |..O.....|
0024 : 00 DE 00 4A 00 00 00 00 |...J....|
0032 : 84 84 00 00 00 00 00 00 |........|
0040 : 00 00 00 00 00 00 00 00 |........|
0048 : 00 00 00 00 00 00 00 00 |........|
0056 : 00 00 00 00 20 00 00 00 |........|
0064 : 20 00 00 00 00 00 00 00 |........|
0072 : 00 00 28 44 45 53 43 52 |..(DESCR|
0080 : 49 50 54 49 4F 4E 3D 28 |IPTION=(|
0088 : 41 44 44 52 45 53 53 3D |ADDRESS=|
0096 : 28 50 52 4F 54 4F 43 4F |(PROTOCO|
0104 : 4C 3D 74 63 70 29 28 48 |L=tcp)(H|
0112 : 4F 53 54 3D 6C 6F 63 61 |OST=loca|
0120 : 6C 68 6F 73 74 29 28 50 |lhost)(P|
0128 : 4F 52 54 3D 31 35 32 31 |ORT=1521|
0136 : 29 29 28 43 4F 4E 4E 45 |))(CONNE|
0144 : 43 54 5F 44 41 54 41 3D |CT_DATA=|
0152 : 28 53 45 52 56 49 43 45 |(SERVICE|
0160 : 5F 4E 41 4D 45 3D 58 45 |_NAME=XE|
0168 : 50 44 42 31 29 28 43 49 |PDB1)(CI|
0176 : 44 3D 28 50 52 4F 47 52 |D=(PROGR|
0184 : 41 4D 3D 43 3A 5C 50 79 |AM=C:\Py|
0192 : 74 68 6F 6E 5C 50 79 74 |thon\Pyt|
0200 : 68 6F 6E 33 31 33 5C 70 |hon313\p|
0208 : 79 74 68 6F 6E 2E 65 78 |ython.ex|
0216 : 65 29 28 48 4F 53 54 3D |e)(HOST=|
0224 : 44 45 53 4B 54 4F 50 2D |DESKTOP-|
0232 : 4B 34 35 39 42 48 51 29 |K459BHQ)|
0240 : 28 55 53 45 52 3D 69 73 |(USER=is|
0248 : 61 71 75 65 29 29 28 43 |aque))(C|
0256 : 4F 4E 4E 45 43 54 49 4F |ONNECTIO|
0264 : 4E 5F 49 44 3D 2B 6D 41 |N_ID=+mA|
0272 : 4B 64 37 6C 6F 4B 53 2F |Kd7loKS/|
0280 : 44 78 77 66 73 47 71 2F |DxwfsGq/|
0288 : 64 72 41 3D 3D 29 29 29 |drA==)))|

2025-12-03 22:34:07.517 Receiving packet [op 2] on socket 504
0000 : 00 08 00 00 0B 00 00 00 |........|

2025-12-03 22:34:07.517 Sending packet [op 3] on socket 504
0000 : 01 28 00 00 01 00 00 00 |.(......|
0008 : 01 3F 01 2C 00 01 20 00 |.?.,....|
0016 : 20 00 4F 98 00 00 00 01 |..O.....|
0024 : 00 DE 00 4A 00 00 00 00 |...J....|
0032 : 84 84 00 00 00 00 00 00 |........|
0040 : 00 00 00 00 00 00 00 00 |........|
0048 : 00 00 00 00 00 00 00 00 |........|
0056 : 00 00 00 00 20 00 00 00 |........|
0064 : 20 00 00 00 00 00 00 00 |........|
0072 : 00 00 28 44 45 53 43 52 |..(DESCR|
0080 : 49 50 54 49 4F 4E 3D 28 |IPTION=(|
0088 : 41 44 44 52 45 53 53 3D |ADDRESS=|
0096 : 28 50 52 4F 54 4F 43 4F |(PROTOCO|
0104 : 4C 3D 74 63 70 29 28 48 |L=tcp)(H|
0112 : 4F 53 54 3D 6C 6F 63 61 |OST=loca|
0120 : 6C 68 6F 73 74 29 28 50 |lhost)(P|
0128 : 4F 52 54 3D 31 35 32 31 |ORT=1521|
0136 : 29 29 28 43 4F 4E 4E 45 |))(CONNE|
0144 : 43 54 5F 44 41 54 41 3D |CT_DATA=|
0152 : 28 53 45 52 56 49 43 45 |(SERVICE|
0160 : 5F 4E 41 4D 45 3D 58 45 |_NAME=XE|
0168 : 50 44 42 31 29 28 43 49 |PDB1)(CI|
0176 : 44 3D 28 50 52 4F 47 52 |D=(PROGR|
0184 : 41 4D 3D 43 3A 5C 50 79 |AM=C:\Py|
0192 : 74 68 6F 6E 5C 50 79 74 |thon\Pyt|
0200 : 68 6F 6E 33 31 33 5C 70 |hon313\p|
0208 : 79 74 68 6F 6E 2E 65 78 |ython.ex|
0216 : 65 29 28 48 4F 53 54 3D |e)(HOST=|
0224 : 44 45 53 4B 54 4F 50 2D |DESKTOP-|
0232 : 4B 34 35 39 42 48 51 29 |K459BHQ)|
0240 : 28 55 53 45 52 3D 69 73 |(USER=is|
0248 : 61 71 75 65 29 29 28 43 |aque))(C|
0256 : 4F 4E 4E 45 43 54 49 4F |ONNECTIO|
0264 : 4E 5F 49 44 3D 2B 6D 41 |N_ID=+mA|
0272 : 4B 64 37 6C 6F 4B 53 2F |Kd7loKS/|
0280 : 44 78 77 66 73 47 71 2F |DxwfsGq/|
0288 : 64 72 41 3D 3D 29 29 29 |drA==)))|

2025-12-03 22:34:07.518 Receiving packet [op 4] on socket 504
0000 : 00 2D 00 00 02 00 00 00 |.-......|
0008 : 01 3E 00 01 00 00 00 00 |.>......|
0016 : 01 00 00 00 00 2D E5 00 |.....-..|
0024 : 00 00 00 00 00 00 00 00 |........|
0032 : 00 00 20 00 00 00 20 00 |........|
0040 : 00 00 00 00 00          |.....   |

2025-12-03 22:34:07.518 Sending packet [op 5] on socket 504
0000 : 00 00 00 1D 06 00 00 00 |........|
0008 : 00 00 01 06 00 70 79 74 |.....pyt|
0016 : 68 6F 6E 2D 6F 72 61 63 |hon-orac|
0024 : 6C 65 64 62 00          |ledb.   |

2025-12-03 22:34:07.518 Receiving packet [op 6] on socket 504
0000 : 00 00 00 F5 06 00 00 00 |........|
0008 : 00 00 01 06 00 49 42 4D |.....IBM|
0016 : 50 43 2F 57 49 4E 5F 4E |PC/WIN_N|
0024 : 54 36 34 2D 39 2E 31 2E |T64-9.1.|
0032 : 30 00 69 03 01 0A 00 66 |0.i....f|
0040 : 03 40 03 01 40 03 66 03 |.@..@.f.|
0048 : 01 66 03 48 03 01 48 03 |.f.H..H.|
0056 : 66 03 01 66 03 52 03 01 |f..f.R..|
0064 : 52 03 66 03 01 66 03 61 |R.f..f.a|
0072 : 03 01 61 03 66 03 01 66 |..a.f..f|
0080 : 03 1F 03 08 1F 03 66 03 |......f.|
0088 : 01 00 64 00 00 00 60 01 |..d...`.|
0096 : 24 0F 05 0B 0C 03 0C 0C |$.......|
0104 : 05 04 05 0D 06 09 07 08 |........|
0112 : 05 05 05 05 05 0F 05 05 |........|
0120 : 05 05 05 0A 05 05 05 05 |........|
0128 : 05 04 05 06 07 08 08 23 |.......#|
0136 : 47 23 47 08 11 23 08 11 |G#G..#..|
0144 : 41 B0 47 00 83 03 69 07 |A.G...i.|
0152 : D0 03 00 00 00 00 00 00 |........|
0160 : 00 00 00 00 00 00 00 00 |........|
0168 : 00 00 00 00 00 00 00 00 |........|
0176 : 00 00 00 00 00 00 00 00 |........|
0184 : 00 00 00 00 00 00 00 2D |.......-|
0192 : 06 01 01 01 6F 01 01 10 |....o...|
0200 : 01 01 01 01 01 01 01 7F |........|
0208 : FF 03 10 03 03 01 01 FF |........|
0216 : 01 FF FF 01 0B 01 01 FF |........|
0224 : 01 06 0C E6 01 7F 05 0F |........|
0232 : 7F 0D 03 00 01 07 02 01 |........|
0240 : 00 01 18 00 7F          |.....   |

2025-12-03 22:34:07.518 Sending packet [op 7] on socket 504
0000 : 00 00 0A 4C 06 00 00 00 |...L....|
0008 : 00 00 02 69 03 69 03 03 |...i.i..|
0016 : 35 06 00 00 00 EA 18 00 |5.......|
0024 : 10 01 01 00 00 00 00 00 |........|
0032 : 29 90 03 07 03 00 01 00 |).......|
0040 : CF 00 00 04 01 00 00 00 |........|
0048 : 10 00 00 0C 20 00 B8 00 |........|
0056 : 08 44 00 05 00 3E 00 00 |.D...>..|
0064 : 00 00 00 00 00 03 0B 02 |........|
0072 : 00 00 00 00 00 05 00 00 |........|
0080 : 00 00 00 01 00 01 00 01 |........|
0088 : 00 00 00 02 00 02 00 0A |........|
0096 : 00 00 00 08 00 08 00 01 |........|
0104 : 00 00 00 0C 00 0C 00 0A |........|
0112 : 00 00 00 17 00 17 00 01 |........|
0120 : 00 00 00 18 00 18 00 01 |........|
0128 : 00 00 00 19 00 19 00 01 |........|
0136 : 00 00 00 1A 00 1A 00 01 |........|
0144 : 00 00 00 1B 00 1B 00 0A |........|
0152 : 00 00 00 1C 00 1C 00 01 |........|
0160 : 00 00 00 1D 00 1D 00 01 |........|
0168 : 00 00 00 1E 00 1E 00 01 |........|
0176 : 00 00 00 1F 00 1F 00 01 |........|
0184 : 00 00 00 20 00 20 00 01 |........|
0192 : 00 00 00 21 00 21 00 01 |...!.!..|
0200 : 00 00 00 0A 00 0A 00 01 |........|
0208 : 00 00 00 0B 00 0B 00 01 |........|
0216 : 00 00 00 28 00 28 00 01 |...(.(..|
0224 : 00 00 00 29 00 29 00 01 |...).)..|
0232 : 00 00 00 75 00 75 00 01 |...u.u..|
0240 : 00 00 00 78 00 78 00 01 |...x.x..|
0248 : 00 00 01 22 01 22 00 01 |..."."..|
0256 : 00 00 01 23 01 23 00 01 |...#.#..|
0264 : 00 00 01 24 01 24 00 01 |...$.$..|
0272 : 00 00 01 25 01 25 00 01 |...%.%..|
0280 : 00 00 01 26 01 26 00 01 |...&.&..|
0288 : 00 00 01 2A 01 2A 00 01 |...*.*..|
0296 : 00 00 01 2B 01 2B 00 01 |...+.+..|
0304 : 00 00 01 2C 01 2C 00 01 |...,.,..|
0312 : 00 00 01 2D 01 2D 00 01 |...-.-..|
0320 : 00 00 01 2E 01 2E 00 01 |........|
0328 : 00 00 01 2F 01 2F 00 01 |..././..|
0336 : 00 00 01 30 01 30 00 01 |...0.0..|
0344 : 00 00 01 31 01 31 00 01 |...1.1..|
0352 : 00 00 01 32 01 32 00 01 |...2.2..|
0360 : 00 00 01 33 01 33 00 01 |...3.3..|
0368 : 00 00 01 34 01 34 00 01 |...4.4..|
0376 : 00 00 01 35 01 35 00 01 |...5.5..|
0384 : 00 00 01 36 01 36 00 01 |...6.6..|
0392 : 00 00 01 37 01 37 00 01 |...7.7..|
0400 : 00 00 01 38 01 38 00 01 |...8.8..|
0408 : 00 00 01 39 01 39 00 01 |...9.9..|
0416 : 00 00 01 3B 01 3B 00 01 |...;.;..|
0424 : 00 00 01 3C 01 3C 00 01 |...<.<..|
0432 : 00 00 01 3D 01 3D 00 01 |...=.=..|
0440 : 00 00 01 3E 01 3E 00 01 |...>.>..|
0448 : 00 00 01 3F 01 3F 00 01 |...?.?..|
0456 : 00 00 01 40 01 40 00 01 |...@.@..|
0464 : 00 00 01 41 01 41 00 01 |...A.A..|
0472 : 00 00 01 42 01 42 00 01 |...B.B..|
0480 : 00 00 01 43 01 43 00 01 |...C.C..|
0488 : 00 00 01 47 01 47 00 01 |...G.G..|
0496 : 00 00 01 48 01 48 00 01 |...H.H..|
0504 : 00 00 01 49 01 49 00 01 |...I.I..|
0512 : 00 00 01 4B 01 4B 00 01 |...K.K..|
0520 : 00 00 01 4D 01 4D 00 01 |...M.M..|
0528 : 00 00 01 4E 01 4E 00 01 |...N.N..|
0536 : 00 00 01 4F 01 4F 00 01 |...O.O..|
0544 : 00 00 01 50 01 50 00 01 |...P.P..|
0552 : 00 00 01 51 01 51 00 01 |...Q.Q..|
0560 : 00 00 01 52 01 52 00 01 |...R.R..|
0568 : 00 00 01 53 01 53 00 01 |...S.S..|
0576 : 00 00 01 54 01 54 00 01 |...T.T..|
0584 : 00 00 01 55 01 55 00 01 |...U.U..|
0592 : 00 00 01 56 01 56 00 01 |...V.V..|
0600 : 00 00 01 57 01 57 00 01 |...W.W..|
0608 : 00 00 01 58 01 58 00 01 |...X.X..|
0616 : 00 00 01 59 01 59 00 01 |...Y.Y..|
0624 : 00 00 01 5A 01 5A 00 01 |...Z.Z..|
0632 : 00 00 01 5C 01 5C 00 01 |...\.\..|
0640 : 00 00 01 5D 01 5D 00 01 |...].]..|
0648 : 00 00 01 62 01 62 00 01 |...b.b..|
0656 : 00 00 01 63 01 63 00 01 |...c.c..|
0664 : 00 00 01 67 01 67 00 01 |...g.g..|
0672 : 00 00 01 6B 01 6B 00 01 |...k.k..|
0680 : 00 00 01 7C 01 7C 00 01 |...|.|..|
0688 : 00 00 01 7D 01 7D 00 01 |...}.}..|
0696 : 00 00 01 7E 01 7E 00 01 |...~.~..|
0704 : 00 00 01 7F 01 7F 00 01 |........|
0712 : 00 00 01 80 01 80 00 01 |........|
0720 : 00 00 01 81 01 81 00 01 |........|
0728 : 00 00 01 82 01 82 00 01 |........|
0736 : 00 00 01 83 01 83 00 01 |........|
0744 : 00 00 01 84 01 84 00 01 |........|
0752 : 00 00 01 85 01 85 00 01 |........|
0760 : 00 00 01 86 01 86 00 01 |........|
0768 : 00 00 01 87 01 87 00 01 |........|
0776 : 00 00 01 89 01 89 00 01 |........|
0784 : 00 00 01 8A 01 8A 00 01 |........|
0792 : 00 00 01 8B 01 8B 00 01 |........|
0800 : 00 00 01 8C 01 8C 00 01 |........|
0808 : 00 00 01 8D 01 8D 00 01 |........|
0816 : 00 00 01 8E 01 8E 00 01 |........|
0824 : 00 00 01 8F 01 8F 00 01 |........|
0832 : 00 00 01 90 01 90 00 01 |........|
0840 : 00 00 01 91 01 91 00 01 |........|
0848 : 00 00 01 94 01 94 00 01 |........|
0856 : 00 00 01 95 01 95 00 01 |........|
0864 : 00 00 01 96 01 96 00 01 |........|
0872 : 00 00 01 97 01 97 00 01 |........|
0880 : 00 00 01 9D 01 9D 00 01 |........|
0888 : 00 00 01 9E 01 9E 00 01 |........|
0896 : 00 00 01 9F 01 9F 00 01 |........|
0904 : 00 00 01 A0 01 A0 00 01 |........|
0912 : 00 00 01 A1 01 A1 00 01 |........|
0920 : 00 00 01 A2 01 A2 00 01 |........|
0928 : 00 00 01 A3 01 A3 00 01 |........|
0936 : 00 00 01 A4 01 A4 00 01 |........|
0944 : 00 00 01 A5 01 A5 00 01 |........|
0952 : 00 00 01 A6 01 A6 00 01 |........|
0960 : 00 00 01 A7 01 A7 00 01 |........|
0968 : 00 00 01 A8 01 A8 00 01 |........|
0976 : 00 00 01 A9 01 A9 00 01 |........|
0984 : 00 00 01 AA 01 AA 00 01 |........|
0992 : 00 00 01 AB 01 AB 00 01 |........|
1000 : 00 00 01 AD 01 AD 00 01 |........|
1008 : 00 00 01 AE 01 AE 00 01 |........|
1016 : 00 00 01 AF 01 AF 00 01 |........|
1024 : 00 00 01 B0 01 B0 00 01 |........|
1032 : 00 00 01 B1 01 B1 00 01 |........|
1040 : 00 00 01 C1 01 C1 00 01 |........|
1048 : 00 00 01 C2 01 C2 00 01 |........|
1056 : 00 00 01 C6 01 C6 00 01 |........|
1064 : 00 00 01 C7 01 C7 00 01 |........|
1072 : 00 00 01 C8 01 C8 00 01 |........|
1080 : 00 00 01 C9 01 C9 00 01 |........|
1088 : 00 00 01 CA 01 CA 00 01 |........|
1096 : 00 00 01 CB 01 CB 00 01 |........|
1104 : 00 00 01 CC 01 CC 00 01 |........|
1112 : 00 00 01 CD 01 CD 00 01 |........|
1120 : 00 00 01 CE 01 CE 00 01 |........|
1128 : 00 00 01 CF 01 CF 00 01 |........|
1136 : 00 00 01 D2 01 D2 00 01 |........|
1144 : 00 00 01 D3 01 D3 00 01 |........|
1152 : 00 00 01 D4 01 D4 00 01 |........|
1160 : 00 00 01 D5 01 D5 00 01 |........|
1168 : 00 00 01 D6 01 D6 00 01 |........|
1176 : 00 00 01 D7 01 D7 00 01 |........|
1184 : 00 00 01 D8 01 D8 00 01 |........|
1192 : 00 00 01 D9 01 D9 00 01 |........|
1200 : 00 00 01 DA 01 DA 00 01 |........|
1208 : 00 00 01 DB 01 DB 00 01 |........|
1216 : 00 00 01 DC 01 DC 00 01 |........|
1224 : 00 00 01 DD 01 DD 00 01 |........|
1232 : 00 00 01 DE 01 DE 00 01 |........|
1240 : 00 00 01 DF 01 DF 00 01 |........|
1248 : 00 00 01 E0 01 E0 00 01 |........|
1256 : 00 00 01 E1 01 E1 00 01 |........|
1264 : 00 00 01 E2 01 E2 00 01 |........|
1272 : 00 00 01 E3 01 E3 00 01 |........|
1280 : 00 00 01 E4 01 E4 00 01 |........|
1288 : 00 00 01 E5 01 E5 00 01 |........|
1296 : 00 00 01 E6 01 E6 00 01 |........|
1304 : 00 00 01 EA 01 EA 00 01 |........|
1312 : 00 00 01 EB 01 EB 00 01 |........|
1320 : 00 00 01 EC 01 EC 00 01 |........|
1328 : 00 00 01 ED 01 ED 00 01 |........|
1336 : 00 00 01 EE 01 EE 00 01 |........|
1344 : 00 00 01 EF 01 EF 00 01 |........|
1352 : 00 00 01 F0 01 F0 00 01 |........|
1360 : 00 00 01 F2 01 F2 00 01 |........|
1368 : 00 00 01 F3 01 F3 00 01 |........|
1376 : 00 00 01 F4 01 F4 00 01 |........|
1384 : 00 00 01 F5 01 F5 00 01 |........|
1392 : 00 00 01 F6 01 F6 00 01 |........|
1400 : 00 00 01 FD 01 FD 00 01 |........|
1408 : 00 00 01 FE 01 FE 00 01 |........|
1416 : 00 00 02 01 02 01 00 01 |........|
1424 : 00 00 02 02 02 02 00 01 |........|
1432 : 00 00 02 04 02 04 00 01 |........|
1440 : 00 00 02 05 02 05 00 01 |........|
1448 : 00 00 02 06 02 06 00 01 |........|
1456 : 00 00 02 07 02 07 00 01 |........|
1464 : 00 00 02 08 02 08 00 01 |........|
1472 : 00 00 02 09 02 09 00 01 |........|
1480 : 00 00 02 0A 02 0A 00 01 |........|
1488 : 00 00 02 0B 02 0B 00 01 |........|
1496 : 00 00 02 0C 02 0C 00 01 |........|
1504 : 00 00 02 0D 02 0D 00 01 |........|
1512 : 00 00 02 0E 02 0E 00 01 |........|
1520 : 00 00 02 0F 02 0F 00 01 |........|
1528 : 00 00 02 10 02 10 00 01 |........|
1536 : 00 00 02 11 02 11 00 01 |........|
1544 : 00 00 02 12 02 12 00 01 |........|
1552 : 00 00 02 13 02 13 00 01 |........|
1560 : 00 00 02 14 02 14 00 01 |........|
1568 : 00 00 02 15 02 15 00 01 |........|
1576 : 00 00 02 16 02 16 00 01 |........|
1584 : 00 00 02 17 02 17 00 01 |........|
1592 : 00 00 02 18 02 18 00 01 |........|
1600 : 00 00 02 19 02 19 00 01 |........|
1608 : 00 00 02 1A 02 1A 00 01 |........|
1616 : 00 00 02 1B 02 1B 00 01 |........|
1624 : 00 00 02 1C 02 1C 00 01 |........|
1632 : 00 00 02 1D 02 1D 00 01 |........|
1640 : 00 00 02 1E 02 1E 00 01 |........|
1648 : 00 00 02 1F 02 1F 00 01 |........|
1656 : 00 00 02 30 02 30 00 01 |...0.0..|
1664 : 00 00 02 35 02 35 00 01 |...5.5..|
1672 : 00 00 02 3C 02 3C 00 01 |...<.<..|
1680 : 00 00 02 3D 02 3D 00 01 |...=.=..|
1688 : 00 00 02 3E 02 3E 00 01 |...>.>..|
1696 : 00 00 02 3F 02 3F 00 01 |...?.?..|
1704 : 00 00 02 40 02 40 00 01 |...@.@..|
1712 : 00 00 02 42 02 42 00 01 |...B.B..|
1720 : 00 00 02 33 02 33 00 01 |...3.3..|
1728 : 00 00 02 34 02 34 00 01 |...4.4..|
1736 : 00 00 02 43 02 43 00 01 |...C.C..|
1744 : 00 00 02 44 02 44 00 01 |...D.D..|
1752 : 00 00 02 45 02 45 00 01 |...E.E..|
1760 : 00 00 02 46 02 46 00 01 |...F.F..|
1768 : 00 00 02 47 02 47 00 01 |...G.G..|
1776 : 00 00 02 48 02 48 00 01 |...H.H..|
1784 : 00 00 02 49 02 49 00 01 |...I.I..|
1792 : 00 00 00 03 00 02 00 0A |........|
1800 : 00 00 00 04 00 02 00 0A |........|
1808 : 00 00 00 05 00 01 00 01 |........|
1816 : 00 00 00 06 00 02 00 0A |........|
1824 : 00 00 00 07 00 02 00 0A |........|
1832 : 00 00 00 09 00 01 00 01 |........|
1840 : 00 00 00 0F 00 01 00 01 |........|
1848 : 00 00 00 27 00 27 00 01 |...'.'..|
1856 : 00 00 00 44 00 02 00 0A |...D....|
1864 : 00 00 00 5B 00 02 00 0A |...[....|
1872 : 00 00 00 5E 00 01 00 01 |...^....|
1880 : 00 00 00 5F 00 17 00 01 |..._....|
1888 : 00 00 00 60 00 60 00 01 |...`.`..|
1896 : 00 00 00 61 00 60 00 01 |...a.`..|
1904 : 00 00 00 64 00 64 00 01 |...d.d..|
1912 : 00 00 00 65 00 65 00 01 |...e.e..|
1920 : 00 00 00 66 00 66 00 01 |...f.f..|
1928 : 00 00 00 68 00 0B 00 01 |...h....|
1936 : 00 00 00 6A 00 6A 00 01 |...j.j..|
1944 : 00 00 00 6C 00 6D 00 01 |...l.m..|
1952 : 00 00 00 6D 00 6D 00 01 |...m.m..|
1960 : 00 00 00 6E 00 6F 00 01 |...n.o..|
1968 : 00 00 00 6F 00 6F 00 01 |...o.o..|
1976 : 00 00 00 70 00 70 00 01 |...p.p..|
1984 : 00 00 00 71 00 71 00 01 |...q.q..|
1992 : 00 00 00 72 00 72 00 01 |...r.r..|
2000 : 00 00 00 73 00 73 00 01 |...s.s..|
2008 : 00 00 00 74 00 66 00 01 |...t.f..|
2016 : 00 00 00 77 00 77 00 01 |...w.w..|
2024 : 00 00 00 C6 00 C6 00 01 |........|
2032 : 00 00 00 92 00 92 00 01 |........|
2040 : 00 00 00 98 00 02 00 0A |........|
2048 : 00 00 00 99 00 02 00 0A |........|
2056 : 00 00 00 9A 00 02 00 0A |........|
2064 : 00 00 00 9B 00 01 00 01 |........|
2072 : 00 00 00 9C 00 0C 00 0A |........|
2080 : 00 00 00 AC 00 02 00 0A |........|
2088 : 00 00 00 B2 00 B2 00 01 |........|
2096 : 00 00 00 B3 00 B3 00 01 |........|
2104 : 00 00 00 B4 00 B4 00 01 |........|
2112 : 00 00 00 B5 00 B5 00 01 |........|
2120 : 00 00 00 B6 00 B6 00 01 |........|
2128 : 00 00 00 B7 00 B7 00 01 |........|
2136 : 00 00 00 B8 00 0C 00 0A |........|
2144 : 00 00 00 B9 00 B9 00 01 |........|
2152 : 00 00 00 BA 00 BA 00 01 |........|
2160 : 00 00 00 BB 00 BB 00 01 |........|
2168 : 00 00 00 BC 00 BC 00 01 |........|
2176 : 00 00 00 BD 00 BD 00 01 |........|
2184 : 00 00 00 BE 00 BE 00 01 |........|
2192 : 00 00 00 C3 00 70 00 01 |.....p..|
2200 : 00 00 00 C4 00 71 00 01 |.....q..|
2208 : 00 00 00 C5 00 72 00 01 |.....r..|
2216 : 00 00 00 D0 00 D0 00 01 |........|
2224 : 00 00 00 E7 00 E7 00 01 |........|
2232 : 00 00 00 E8 00 E7 00 01 |........|
2240 : 00 00 00 E9 00 E9 00 01 |........|
2248 : 00 00 00 F1 00 6D 00 01 |.....m..|
2256 : 00 00 00 FC 00 FC 00 01 |........|
2264 : 00 00 02 4E 02 4E 00 01 |...N.N..|
2272 : 00 00 02 4F 02 4F 00 01 |...O.O..|
2280 : 00 00 02 50 02 50 00 01 |...P.P..|
2288 : 00 00 02 65 02 65 00 01 |...e.e..|
2296 : 00 00 02 66 02 66 00 01 |...f.f..|
2304 : 00 00 02 67 02 67 00 01 |...g.g..|
2312 : 00 00 02 68 02 68 00 01 |...h.h..|
2320 : 00 00 02 63 02 63 00 01 |...c.c..|
2328 : 00 00 02 64 02 64 00 01 |...d.d..|
2336 : 00 00 02 51 02 51 00 01 |...Q.Q..|
2344 : 00 00 02 52 02 52 00 01 |...R.R..|
2352 : 00 00 02 53 02 53 00 01 |...S.S..|
2360 : 00 00 02 54 02 54 00 01 |...T.T..|
2368 : 00 00 02 55 02 55 00 01 |...U.U..|
2376 : 00 00 02 56 02 56 00 01 |...V.V..|
2384 : 00 00 02 57 02 57 00 01 |...W.W..|
2392 : 00 00 02 58 02 58 00 01 |...X.X..|
2400 : 00 00 02 59 02 59 00 01 |...Y.Y..|
2408 : 00 00 02 5A 02 5A 00 01 |...Z.Z..|
2416 : 00 00 02 5B 02 5B 00 01 |...[.[..|
2424 : 00 00 02 5C 02 5C 00 01 |...\.\..|
2432 : 00 00 02 5D 02 5D 00 01 |...].]..|
2440 : 00 00 02 6E 02 6E 00 01 |...n.n..|
2448 : 00 00 02 6F 02 6F 00 01 |...o.o..|
2456 : 00 00 02 70 02 70 00 01 |...p.p..|
2464 : 00 00 02 71 02 71 00 01 |...q.q..|
2472 : 00 00 02 72 02 72 00 01 |...r.r..|
2480 : 00 00 02 73 02 73 00 01 |...s.s..|
2488 : 00 00 02 74 02 74 00 01 |...t.t..|
2496 : 00 00 02 75 02 75 00 01 |...u.u..|
2504 : 00 00 02 76 02 76 00 01 |...v.v..|
2512 : 00 00 02 77 02 77 00 01 |...w.w..|
2520 : 00 00 02 78 02 78 00 01 |...x.x..|
2528 : 00 00 02 7D 02 7D 00 01 |...}.}..|
2536 : 00 00 02 7E 02 7E 00 01 |...~.~..|
2544 : 00 00 02 7C 02 7C 00 01 |...|.|..|
2552 : 00 00 02 7F 02 7F 00 01 |........|
2560 : 00 00 02 97 02 97 00 01 |........|
2568 : 00 00 02 80 02 80 00 01 |........|
2576 : 00 00 02 8C 02 8C 00 01 |........|
2584 : 00 00 02 86 02 86 00 01 |........|
2592 : 00 00 02 87 02 87 00 01 |........|
2600 : 00 00 00 7F 00 7F 00 01 |........|
2608 : 00 00 02 94 02 94 00 01 |........|
2616 : 00 00 02 95 02 95 00 01 |........|
2624 : 00 00 02 99 02 99 00 01 |........|
2632 : 00 00 00 00             |....    |

2025-12-03 22:34:07.521 Receiving packet [op 8] on socket 504
0000 : 00 00 0A 7D 06 00 00 00 |...}....|
0008 : 00 00 02 00 01 00 01 00 |........|
0016 : 01 00 00 00 02 00 02 00 |........|
0024 : 0A 00 00 00 08 00 08 00 |........|
0032 : 01 00 00 00 0C 00 0C 00 |........|
0040 : 0A 00 00 00 17 00 17 00 |........|
0048 : 01 00 00 00 18 00 18 00 |........|
0056 : 01 00 00 00 19 00 19 00 |........|
0064 : 01 00 00 00 1A 00 1A 00 |........|
0072 : 01 00 00 00 1B 00 1B 00 |........|
0080 : 0A 00 00 00 1C 00 1C 00 |........|
0088 : 01 00 00 00 1D 00 1D 00 |........|
0096 : 01 00 00 00 1E 00 1E 00 |........|
0104 : 01 00 00 00 1F 00 1F 00 |........|
0112 : 01 00 00 00 20 00 20 00 |........|
0120 : 01 00 00 00 21 00 21 00 |....!.!.|
0128 : 01 00 00 00 0A 00 0A 00 |........|
0136 : 01 00 00 00 0B 00 0B 00 |........|
0144 : 01 00 00 00 28 00 28 00 |....(.(.|
0152 : 01 00 00 00 29 00 29 00 |....).).|
0160 : 01 00 00 00 75 00 75 00 |....u.u.|
0168 : 01 00 00 00 78 00 78 00 |....x.x.|
0176 : 01 00 00 01 22 01 22 00 |....".".|
0184 : 01 00 00 01 23 01 23 00 |....#.#.|
0192 : 01 00 00 01 24 01 24 00 |....$.$.|
0200 : 01 00 00 01 25 01 25 00 |....%.%.|
0208 : 01 00 00 01 26 01 26 00 |....&.&.|
0216 : 01 00 00 01 2A 01 2A 00 |....*.*.|
0224 : 01 00 00 01 2B 01 2B 00 |....+.+.|
0232 : 01 00 00 01 2C 01 2C 00 |....,.,.|
0240 : 01 00 00 01 2D 01 2D 00 |....-.-.|
0248 : 01 00 00 01 2E 01 2E 00 |........|
0256 : 01 00 00 01 2F 01 2F 00 |...././.|
0264 : 01 00 00 01 31 01 31 00 |....1.1.|
0272 : 01 00 00 01 32 01 32 00 |....2.2.|
0280 : 01 00 00 01 33 01 33 00 |....3.3.|
0288 : 01 00 00 01 34 01 34 00 |....4.4.|
0296 : 01 00 00 01 35 01 35 00 |....5.5.|
0304 : 01 00 00 01 36 01 36 00 |....6.6.|
0312 : 01 00 00 01 37 01 37 00 |....7.7.|
0320 : 01 00 00 01 38 01 38 00 |....8.8.|
0328 : 01 00 00 01 39 01 39 00 |....9.9.|
0336 : 01 00 00 01 3B 01 3B 00 |....;.;.|
0344 : 01 00 00 01 3C 01 3C 00 |....<.<.|
0352 : 01 00 00 01 3D 01 3D 00 |....=.=.|
0360 : 01 00 00 01 3E 01 3E 00 |....>.>.|
0368 : 01 00 00 01 3F 01 3F 00 |....?.?.|
0376 : 01 00 00 01 40 01 40 00 |....@.@.|
0384 : 01 00 00 01 41 01 41 00 |....A.A.|
0392 : 01 00 00 01 42 01 42 00 |....B.B.|
0400 : 01 00 00 01 43 01 43 00 |....C.C.|
0408 : 01 00 00 01 47 01 47 00 |....G.G.|
0416 : 01 00 00 01 48 01 48 00 |....H.H.|
0424 : 01 00 00 01 49 01 49 00 |....I.I.|
0432 : 01 00 00 01 4B 01 4B 00 |....K.K.|
0440 : 01 00 00 01 4D 01 4D 00 |....M.M.|
0448 : 01 00 00 01 53 01 53 00 |....S.S.|
0456 : 01 00 00 01 54 01 54 00 |....T.T.|
0464 : 01 00 00 01 55 01 55 00 |....U.U.|
0472 : 01 00 00 01 56 01 56 00 |....V.V.|
0480 : 01 00 00 01 57 01 57 00 |....W.W.|
0488 : 01 00 00 01 58 01 58 00 |....X.X.|
0496 : 01 00 00 01 59 01 59 00 |....Y.Y.|
0504 : 01 00 00 01 5A 01 5A 00 |....Z.Z.|
0512 : 01 00 00 01 5C 01 5C 00 |....\.\.|
0520 : 01 00 00 01 5D 01 5D 00 |....].].|
0528 : 01 00 00 01 62 01 62 00 |....b.b.|
0536 : 01 00 00 01 63 01 63 00 |....c.c.|
0544 : 01 00 00 01 67 01 67 00 |....g.g.|
0552 : 01 00 00 01 6B 01 6B 00 |....k.k.|
0560 : 01 00 00 01 7C 01 7C 00 |....|.|.|
0568 : 01 00 00 01 7D 01 7D 00 |....}.}.|
0576 : 01 00 00 01 7E 01 7E 00 |....~.~.|
0584 : 01 00 00 01 80 01 80 00 |........|
0592 : 01 00 00 01 81 01 81 00 |........|
0600 : 01 00 00 01 82 01 82 00 |........|
0608 : 01 00 00 01 83 01 83 00 |........|
0616 : 01 00 00 01 84 01 84 00 |........|
0624 : 01 00 00 01 85 01 85 00 |........|
0632 : 01 00 00 01 86 01 86 00 |........|
0640 : 01 00 00 01 87 01 87 00 |........|
0648 : 01 00 00 01 89 01 89 00 |........|
0656 : 01 00 00 01 8A 01 8A 00 |........|
0664 : 01 00 00 01 8B 01 8B 00 |........|
0672 : 01 00 00 01 8C 01 8C 00 |........|
0680 : 01 00 00 01 8D 01 8D 00 |........|
0688 : 01 00 00 01 8E 01 8E 00 |........|
0696 : 01 00 00 01 8F 01 8F 00 |........|
0704 : 01 00 00 01 90 01 90 00 |........|
0712 : 01 00 00 01 91 01 91 00 |........|
0720 : 01 00 00 01 94 01 94 00 |........|
0728 : 01 00 00 01 95 01 95 00 |........|
0736 : 01 00 00 01 96 01 96 00 |........|
0744 : 01 00 00 01 97 01 97 00 |........|
0752 : 01 00 00 01 9D 01 9D 00 |........|
0760 : 01 00 00 01 9E 01 9E 00 |........|
0768 : 01 00 00 01 9F 01 9F 00 |........|
0776 : 01 00 00 01 A0 01 A0 00 |........|
0784 : 01 00 00 01 A1 01 A1 00 |........|
0792 : 01 00 00 01 A2 01 A2 00 |........|
0800 : 01 00 00 01 A3 01 A3 00 |........|
0808 : 01 00 00 01 A4 01 A4 00 |........|
0816 : 01 00 00 01 A5 01 A5 00 |........|
0824 : 01 00 00 01 A6 01 A6 00 |........|
0832 : 01 00 00 01 A7 01 A7 00 |........|
0840 : 01 00 00 01 A8 01 A8 00 |........|
0848 : 01 00 00 01 A9 01 A9 00 |........|
0856 : 01 00 00 01 AA 01 AA 00 |........|
0864 : 01 00 00 01 AB 01 AB 00 |........|
0872 : 01 00 00 01 AD 01 AD 00 |........|
0880 : 01 00 00 01 AE 01 AE 00 |........|
0888 : 01 00 00 01 AF 01 AF 00 |........|
0896 : 01 00 00 01 B0 01 B0 00 |........|
0904 : 01 00 00 01 B1 01 B1 00 |........|
0912 : 01 00 00 01 C1 01 C1 00 |........|
0920 : 01 00 00 01 C2 01 C2 00 |........|
0928 : 01 00 00 01 C6 01 C6 00 |........|
0936 : 01 00 00 01 C7 01 C7 00 |........|
0944 : 01 00 00 01 C8 01 C8 00 |........|
0952 : 01 00 00 01 C9 01 C9 00 |........|
0960 : 01 00 00 01 CA 01 CA 00 |........|
0968 : 01 00 00 01 CB 01 CB 00 |........|
0976 : 01 00 00 01 CC 01 CC 00 |........|
0984 : 01 00 00 01 CD 01 CD 00 |........|
0992 : 01 00 00 01 CE 01 CE 00 |........|
1000 : 01 00 00 01 CF 01 CF 00 |........|
1008 : 01 00 00 01 D2 01 D2 00 |........|
1016 : 01 00 00 01 D3 01 D3 00 |........|
1024 : 01 00 00 01 D4 01 D4 00 |........|
1032 : 01 00 00 01 D5 01 D5 00 |........|
1040 : 01 00 00 01 D6 01 D6 00 |........|
1048 : 01 00 00 01 D7 01 D7 00 |........|
1056 : 01 00 00 01 D8 01 D8 00 |........|
1064 : 01 00 00 01 D9 01 D9 00 |........|
1072 : 01 00 00 01 DA 01 DA 00 |........|
1080 : 01 00 00 01 DB 01 DB 00 |........|
1088 : 01 00 00 01 DC 01 DC 00 |........|
1096 : 01 00 00 01 DD 01 DD 00 |........|
1104 : 01 00 00 01 DE 01 DE 00 |........|
1112 : 01 00 00 01 DF 01 DF 00 |........|
1120 : 01 00 00 01 E0 01 E0 00 |........|
1128 : 01 00 00 01 E1 01 E1 00 |........|
1136 : 01 00 00 01 E2 01 E2 00 |........|
1144 : 01 00 00 01 E3 01 E3 00 |........|
1152 : 01 00 00 01 E4 01 E4 00 |........|
1160 : 01 00 00 01 E5 01 E5 00 |........|
1168 : 01 00 00 01 E6 01 E6 00 |........|
1176 : 01 00 00 01 EA 01 EA 00 |........|
1184 : 01 00 00 01 EB 01 EB 00 |........|
1192 : 01 00 00 01 EC 01 EC 00 |........|
1200 : 01 00 00 01 ED 01 ED 00 |........|
1208 : 01 00 00 01 EE 01 EE 00 |........|
1216 : 01 00 00 01 EF 01 EF 00 |........|
1224 : 01 00 00 01 F0 01 F0 00 |........|
1232 : 01 00 00 01 F2 01 F2 00 |........|
1240 : 01 00 00 01 F3 01 F3 00 |........|
1248 : 01 00 00 01 F4 01 F4 00 |........|
1256 : 01 00 00 01 F5 01 F5 00 |........|
1264 : 01 00 00 01 F6 01 F6 00 |........|
1272 : 01 00 00 01 FD 01 FD 00 |........|
1280 : 01 00 00 01 FE 01 FE 00 |........|
1288 : 01 00 00 02 01 02 01 00 |........|
1296 : 01 00 00 02 02 02 02 00 |........|
1304 : 01 00 00 02 04 02 04 00 |........|
1312 : 01 00 00 02 05 02 05 00 |........|
1320 : 01 00 00 02 06 02 06 00 |........|
1328 : 01 00 00 02 07 02 07 00 |........|
1336 : 01 00 00 02 08 02 08 00 |........|
1344 : 01 00 00 02 09 02 09 00 |........|
1352 : 01 00 00 02 0A 02 0A 00 |........|
1360 : 01 00 00 02 0B 02 0B 00 |........|
1368 : 01 00 00 02 0C 02 0C 00 |........|
1376 : 01 00 00 02 0D 02 0D 00 |........|
1384 : 01 00 00 02 0E 02 0E 00 |........|
1392 : 01 00 00 02 0F 02 0F 00 |........|
1400 : 01 00 00 02 10 02 10 00 |........|
1408 : 01 00 00 02 11 02 11 00 |........|
1416 : 01 00 00 02 12 02 12 00 |........|
1424 : 01 00 00 02 13 02 13 00 |........|
1432 : 01 00 00 02 14 02 14 00 |........|
1440 : 01 00 00 02 15 02 15 00 |........|
1448 : 01 00 00 02 16 02 16 00 |........|
1456 : 01 00 00 02 17 02 17 00 |........|
1464 : 01 00 00 02 18 02 18 00 |........|
1472 : 01 00 00 02 19 02 19 00 |........|
1480 : 01 00 00 02 1A 02 1A 00 |........|
1488 : 01 00 00 02 1B 02 1B 00 |........|
1496 : 01 00 00 02 1F 02 1F 00 |........|
1504 : 01 00 00 02 20 00 00 02 |........|
1512 : 21 00 00 02 22 00 00 02 |!..."...|
1520 : 23 00 00 02 24 00 00 02 |#...$...|
1528 : 25 00 00 02 26 00 00 02 |%...&...|
1536 : 27 00 00 02 28 00 00 02 |'...(...|
1544 : 29 00 00 02 2A 00 00 02 |)...*...|
1552 : 2B 00 00 02 2C 00 00 02 |+...,...|
1560 : 2D 00 00 02 2E 00 00 02 |-.......|
1568 : 2F 00 00 02 30 02 30 00 |/...0.0.|
1576 : 01 00 00 02 31 00 00 02 |....1...|
1584 : 32 00 00 02 33 02 33 00 |2...3.3.|
1592 : 01 00 00 02 34 02 34 00 |....4.4.|
1600 : 01 00 00 02 36 00 00 02 |....6...|
1608 : 37 00 00 02 38 00 00 02 |7...8...|
1616 : 39 00 00 02 3A 00 00 02 |9...:...|
1624 : 3B 00 00 02 3C 02 3C 00 |;...<.<.|
1632 : 01 00 00 02 3D 02 3D 00 |....=.=.|
1640 : 01 00 00 02 3E 02 3E 00 |....>.>.|
1648 : 01 00 00 02 3F 02 3F 00 |....?.?.|
1656 : 01 00 00 02 40 02 40 00 |....@.@.|
1664 : 01 00 00 02 41 00 00 02 |....A...|
1672 : 42 02 42 00 01 00 00 02 |B.B.....|
1680 : 43 02 43 00 01 00 00 02 |C.C.....|
1688 : 44 02 44 00 01 00 00 02 |D.D.....|
1696 : 45 02 45 00 01 00 00 02 |E.E.....|
1704 : 46 02 46 00 01 00 00 02 |F.F.....|
1712 : 47 02 47 00 01 00 00 02 |G.G.....|
1720 : 48 02 48 00 01 00 00 02 |H.H.....|
1728 : 49 02 49 00 01 00 00 02 |I.I.....|
1736 : 4A 00 00 02 4B 00 00 02 |J...K...|
1744 : 4C 00 00 02 4D 00 00 02 |L...M...|
1752 : 4E 02 4E 00 01 00 00 02 |N.N.....|
1760 : 4F 02 4F 00 01 00 00 02 |O.O.....|
1768 : 50 02 50 00 01 00 00 02 |P.P.....|
1776 : 51 02 51 00 01 00 00 02 |Q.Q.....|
1784 : 52 02 52 00 01 00 00 02 |R.R.....|
1792 : 53 02 53 00 01 00 00 02 |S.S.....|
1800 : 54 02 54 00 01 00 00 02 |T.T.....|
1808 : 55 02 55 00 01 00 00 02 |U.U.....|
1816 : 56 02 56 00 01 00 00 02 |V.V.....|
1824 : 57 02 57 00 01 00 00 02 |W.W.....|
1832 : 58 02 58 00 01 00 00 02 |X.X.....|
1840 : 59 02 59 00 01 00 00 02 |Y.Y.....|
1848 : 5A 02 5A 00 01 00 00 02 |Z.Z.....|
1856 : 5B 02 5B 00 01 00 00 02 |[.[.....|
1864 : 5C 02 5C 00 01 00 00 02 |\.\.....|
1872 : 5D 02 5D 00 01 00 00 02 |].].....|
1880 : 63 02 63 00 01 00 00 02 |c.c.....|
1888 : 64 02 64 00 01 00 00 02 |d.d.....|
1896 : 65 02 65 00 01 00 00 02 |e.e.....|
1904 : 66 02 66 00 01 00 00 02 |f.f.....|
1912 : 67 02 67 00 01 00 00 02 |g.g.....|
1920 : 68 02 68 00 01 00 00 02 |h.h.....|
1928 : 69 00 00 02 6E 02 6E 00 |i...n.n.|
1936 : 01 00 00 02 6F 02 6F 00 |....o.o.|
1944 : 01 00 00 02 70 02 70 00 |....p.p.|
1952 : 01 00 00 02 71 02 71 00 |....q.q.|
1960 : 01 00 00 02 72 02 72 00 |....r.r.|
1968 : 01 00 00 02 73 02 73 00 |....s.s.|
1976 : 01 00 00 02 74 02 74 00 |....t.t.|
1984 : 01 00 00 02 75 02 75 00 |....u.u.|
1992 : 01 00 00 02 76 02 76 00 |....v.v.|
2000 : 01 00 00 02 77 02 77 00 |....w.w.|
2008 : 01 00 00 02 78 02 78 00 |....x.x.|
2016 : 01 00 00 02 79 00 00 02 |....y...|
2024 : 7A 00 00 02 7B 00 00 02 |z...{...|
2032 : 7C 02 7C 00 01 00 00 02 ||.|.....|
2040 : 7D 02 7D 00 01 00 00 02 |}.}.....|
2048 : 7E 02 7E 00 01 00 00 02 |~.~.....|
2056 : 7F 02 7F 00 01 00 00 02 |........|
2064 : 80 02 80 00 01 00 00 02 |........|
2072 : 81 00 00 02 82 00 00 02 |........|
2080 : 83 00 00 02 84 00 00 02 |........|
2088 : 85 00 00 02 86 02 86 00 |........|
2096 : 01 00 00 02 87 02 87 00 |........|
2104 : 01 00 00 02 88 00 00 02 |........|
2112 : 89 00 00 02 8A 00 00 02 |........|
2120 : 8B 00 00 02 8C 02 8C 00 |........|
2128 : 01 00 00 02 8D 00 00 02 |........|
2136 : 8F 00 00 00 03 00 02 00 |........|
2144 : 0A 00 00 00 04 00 02 00 |........|
2152 : 0A 00 00 00 05 00 01 00 |........|
2160 : 01 00 00 00 06 00 02 00 |........|
2168 : 0A 00 00 00 07 00 02 00 |........|
2176 : 0A 00 00 00 09 00 01 00 |........|
2184 : 01 00 00 00 0D 00 00 00 |........|
2192 : 0E 00 00 00 0F 00 00 00 |........|
2200 : 10 00 00 00 11 00 00 00 |........|
2208 : 12 00 00 00 13 00 00 00 |........|
2216 : 14 00 00 00 15 00 00 00 |........|
2224 : 16 00 00 00 27 00 00 00 |....'...|
2232 : 3A 00 00 00 44 00 02 00 |:...D...|
2240 : 0A 00 00 00 45 00 00 00 |....E...|
2248 : 46 00 00 00 4A 00 00 00 |F...J...|
2256 : 4C 00 00 00 5B 00 02 00 |L...[...|
2264 : 0A 00 00 00 5E 00 01 00 |....^...|
2272 : 01 00 00 00 5F 00 17 00 |...._...|
2280 : 01 00 00 00 60 00 60 00 |....`.`.|
2288 : 01 00 00 00 61 00 60 00 |....a.`.|
2296 : 01 00 00 00 64 00 64 00 |....d.d.|
2304 : 01 00 00 00 65 00 65 00 |....e.e.|
2312 : 01 00 00 00 66 00 66 00 |....f.f.|
2320 : 01 00 00 00 68 00 00 00 |....h...|
2328 : 69 00 00 00 6A 00 6A 00 |i...j.j.|
2336 : 01 00 00 00 6C 00 6D 00 |....l.m.|
2344 : 01 00 00 00 6D 00 6D 00 |....m.m.|
2352 : 01 00 00 00 6E 00 6F 00 |....n.o.|
2360 : 01 00 00 00 6F 00 6F 00 |....o.o.|
2368 : 01 00 00 00 70 00 70 00 |....p.p.|
2376 : 01 00 00 00 71 00 71 00 |....q.q.|
2384 : 01 00 00 00 72 00 72 00 |....r.r.|
2392 : 01 00 00 00 73 00 00 00 |....s...|
2400 : 74 00 66 00 01 00 00 00 |t.f.....|
2408 : 76 00 00 00 77 00 77 00 |v...w.w.|
2416 : 01 00 00 00 79 00 00 00 |....y...|
2424 : 7A 00 00 00 7B 00 00 00 |z...{...|
2432 : 88 00 00 00 92 00 92 00 |........|
2440 : 01 00 00 00 93 00 00 00 |........|
2448 : 98 00 02 00 0A 00 00 00 |........|
2456 : 99 00 02 00 0A 00 00 00 |........|
2464 : 9A 00 02 00 0A 00 00 00 |........|
2472 : 9B 00 01 00 01 00 00 00 |........|
2480 : 9C 00 0C 00 0A 00 00 00 |........|
2488 : AC 00 02 00 0A 00 00 00 |........|
2496 : B2 00 B2 00 01 00 00 00 |........|
2504 : B3 00 B3 00 01 00 00 00 |........|
2512 : B4 00 B4 00 01 00 00 00 |........|
2520 : B5 00 B5 00 01 00 00 00 |........|
2528 : B6 00 B6 00 01 00 00 00 |........|
2536 : B7 00 B7 00 01 00 00 00 |........|
2544 : B8 00 0C 00 0A 00 00 00 |........|
2552 : B9 00 00 00 BA 00 00 00 |........|
2560 : BB 00 00 00 BC 00 00 00 |........|
2568 : BD 00 00 00 BE 00 00 00 |........|
2576 : BF 00 00 00 C0 00 00 00 |........|
2584 : C3 00 70 00 01 00 00 00 |..p.....|
2592 : C4 00 71 00 01 00 00 00 |..q.....|
2600 : C5 00 72 00 01 00 00 00 |..r.....|
2608 : C6 00 00 00 D0 00 D0 00 |........|
2616 : 01 00 00 00 D1 00 00 00 |........|
2624 : E7 00 E7 00 01 00 00 00 |........|
2632 : E8 00 E7 00 01 00 00 00 |........|
2640 : E9 00 E9 00 01 00 00 00 |........|
2648 : F1 00 6D 00 01 00 00 00 |..m.....|
2656 : F5 00 00 00 F6 00 00 00 |........|
2664 : FA 00 00 00 FB 00 00 00 |........|
2672 : FC 00 FC 00 01 00 00 02 |........|
2680 : 03 00 00 00 00          |.....   |

2025-12-03 22:34:07.522 Sending packet [op 9] on socket 504
0000 : 00 00 00 BA 06 00 00 00 |........|
0008 : 00 00 03 76 01 01 01 09 |...v....|
0016 : 01 01 01 01 05 01 01 09 |........|
0024 : 64 61 72 74 5F 75 73 65 |dart_use|
0032 : 72 01 0D 0D 41 55 54 48 |r...AUTH|
0040 : 5F 54 45 52 4D 49 4E 41 |_TERMINA|
0048 : 4C 01 07 07 75 6E 6B 6E |L...unkn|
0056 : 6F 77 6E 00 01 0F 0F 41 |own....A|
0064 : 55 54 48 5F 50 52 4F 47 |UTH_PROG|
0072 : 52 41 4D 5F 4E 4D 01 1E |RAM_NM..|
0080 : 1E 43 3A 5C 50 79 74 68 |.C:\Pyth|
0088 : 6F 6E 5C 50 79 74 68 6F |on\Pytho|
0096 : 6E 33 31 33 5C 70 79 74 |n313\pyt|
0104 : 68 6F 6E 2E 65 78 65 00 |hon.exe.|
0112 : 01 0C 0C 41 55 54 48 5F |...AUTH_|
0120 : 4D 41 43 48 49 4E 45 01 |MACHINE.|
0128 : 0F 0F 44 45 53 4B 54 4F |..DESKTO|
0136 : 50 2D 4B 34 35 39 42 48 |P-K459BH|
0144 : 51 00 01 08 08 41 55 54 |Q....AUT|
0152 : 48 5F 50 49 44 01 04 04 |H_PID...|
0160 : 35 39 30 30 00 01 08 08 |5900....|
0168 : 41 55 54 48 5F 53 49 44 |AUTH_SID|
0176 : 01 06 06 69 73 61 71 75 |...isaqu|
0184 : 65 00                   |e.      |

2025-12-03 22:34:07.545 Receiving packet [op 10] on socket 504
0000 : 00 00 01 74 06 00 00 00 |...t....|
0008 : 00 00 08 01 06 01 0C 0C |........|
0016 : 41 55 54 48 5F 53 45 53 |AUTH_SES|
0024 : 53 4B 45 59 01 40 40 44 |SKEY.@@D|
0032 : 32 38 46 44 37 44 44 46 |28FD7DDF|
0040 : 39 38 46 34 38 43 35 33 |98F48C53|
0048 : 35 36 38 44 44 32 43 39 |568DD2C9|
0056 : 38 41 35 36 44 41 30 43 |8A56DA0C|
0064 : 46 42 46 32 45 32 30 36 |FBF2E206|
0072 : 34 35 35 42 42 34 42 34 |455BB4B4|
0080 : 41 46 36 32 43 31 43 42 |AF62C1CB|
0088 : 31 41 31 45 33 43 33 00 |1A1E3C3.|
0096 : 01 0D 0D 41 55 54 48 5F |...AUTH_|
0104 : 56 46 52 5F 44 41 54 41 |VFR_DATA|
0112 : 01 20 20 45 43 42 41 42 |...ECBAB|
0120 : 41 30 37 45 45 32 42 31 |A07EE2B1|
0128 : 32 33 41 42 33 46 38 34 |23AB3F84|
0136 : 35 43 46 37 30 36 31 43 |5CF7061C|
0144 : 41 43 36 02 48 15 01 14 |AC6.H...|
0152 : 14 41 55 54 48 5F 50 42 |.AUTH_PB|
0160 : 4B 44 46 32 5F 43 53 4B |KDF2_CSK|
0168 : 5F 53 41 4C 54 01 20 20 |_SALT...|
0176 : 42 30 35 39 41 42 46 35 |B059ABF5|
0184 : 36 42 46 31 38 39 31 34 |6BF18914|
0192 : 36 33 30 38 31 42 43 32 |63081BC2|
0200 : 41 30 37 42 39 33 38 38 |A07B9388|
0208 : 00 01 16 16 41 55 54 48 |....AUTH|
0216 : 5F 50 42 4B 44 46 32 5F |_PBKDF2_|
0224 : 56 47 45 4E 5F 43 4F 55 |VGEN_COU|
0232 : 4E 54 01 04 04 34 30 39 |NT...409|
0240 : 36 00 01 16 16 41 55 54 |6....AUT|
0248 : 48 5F 50 42 4B 44 46 32 |H_PBKDF2|
0256 : 5F 53 44 45 52 5F 43 4F |_SDER_CO|
0264 : 55 4E 54 01 01 01 33 00 |UNT...3.|
0272 : 01 1A 1A 41 55 54 48 5F |...AUTH_|
0280 : 47 4C 4F 42 41 4C 4C 59 |GLOBALLY|
0288 : 5F 55 4E 49 51 55 45 5F |_UNIQUE_|
0296 : 44 42 49 44 00 01 20 20 |DBID....|
0304 : 35 34 31 44 46 44 43 45 |541DFDCE|
0312 : 34 46 30 39 32 34 36 36 |4F092466|
0320 : 30 36 32 33 32 46 30 34 |06232F04|
0328 : 32 37 39 38 39 45 31 36 |27989E16|
0336 : 00 04 01 01 01 5B 00 00 |.....[..|
0344 : 00 00 00 00 00 00 00 00 |........|
0352 : 00 00 00 00 00 00 00 00 |........|
0360 : 00 01 00 00 00 00 00 00 |........|
0368 : 00 00 00 00             |....    |

2025-12-03 22:34:07.564 Sending packet [op 11] on socket 504
0000 : 00 00 02 F0 06 00 00 00 |........|
0008 : 00 00 03 73 02 01 01 09 |...s....|
0016 : 02 01 01 01 01 08 01 01 |........|
0024 : 09 64 61 72 74 5F 75 73 |.dart_us|
0032 : 65 72 01 0C 0C 41 55 54 |er...AUT|
0040 : 48 5F 53 45 53 53 4B 45 |H_SESSKE|
0048 : 59 01 40 40 32 36 41 33 |Y.@@26A3|
0056 : 32 31 35 38 31 33 32 41 |2158132A|
0064 : 30 35 38 43 44 32 36 46 |058CD26F|
0072 : 39 42 45 37 38 42 37 35 |9BE78B75|
0080 : 37 43 37 42 39 31 32 36 |7C7B9126|
0088 : 31 34 38 46 41 44 35 37 |148FAD57|
0096 : 41 35 42 42 35 41 36 43 |A5BB5A6C|
0104 : 30 35 36 34 42 36 31 45 |0564B61E|
0112 : 45 38 36 45 01 01 01 16 |E86E....|
0120 : 16 41 55 54 48 5F 50 42 |.AUTH_PB|
0128 : 4B 44 46 32 5F 53 50 45 |KDF2_SPE|
0136 : 45 44 59 5F 4B 45 59 01 |EDY_KEY.|
0144 : A0 A0 44 45 36 46 31 42 |..DE6F1B|
0152 : 41 46 45 41 45 35 33 41 |AFEAE53A|
0160 : 37 44 35 32 37 33 44 30 |7D5273D0|
0168 : 45 42 31 37 45 39 46 37 |EB17E9F7|
0176 : 33 34 33 45 33 43 44 31 |343E3CD1|
0184 : 46 38 35 33 34 31 38 41 |F853418A|
0192 : 44 34 39 43 42 33 33 41 |D49CB33A|
0200 : 32 44 36 42 33 39 44 34 |2D6B39D4|
0208 : 30 30 31 43 42 31 30 36 |001CB106|
0216 : 43 36 46 42 43 31 42 38 |C6FBC1B8|
0224 : 34 33 42 34 42 30 30 33 |43B4B003|
0232 : 37 43 45 39 30 39 30 34 |7CE90904|
0240 : 35 39 45 32 31 34 43 41 |59E214CA|
0248 : 30 43 43 33 33 33 43 44 |0CC333CD|
0256 : 39 35 35 39 30 43 39 37 |95590C97|
0264 : 31 38 32 43 37 34 38 33 |182C7483|
0272 : 39 36 33 45 39 31 42 30 |963E91B0|
0280 : 37 44 36 42 30 42 45 46 |7D6B0BEF|
0288 : 46 36 43 33 32 42 38 42 |F6C32B8B|
0296 : 37 33 43 45 44 36 34 45 |73CED64E|
0304 : 37 39 00 01 0D 0D 41 55 |79....AU|
0312 : 54 48 5F 50 41 53 53 57 |TH_PASSW|
0320 : 4F 52 44 01 40 40 43 31 |ORD.@@C1|
0328 : 38 43 33 46 42 30 39 41 |8C3FB09A|
0336 : 32 37 31 43 35 39 41 42 |271C59AB|
0344 : 42 33 33 45 32 39 44 44 |B33E29DD|
0352 : 32 30 34 45 41 41 46 46 |204EAAFF|
0360 : 30 45 33 41 44 37 39 46 |0E3AD79F|
0368 : 36 30 45 41 30 33 31 35 |60EA0315|
0376 : 42 44 46 46 44 36 44 45 |BDFFD6DE|
0384 : 36 43 31 31 45 37 00 01 |6C11E7..|
0392 : 16 16 53 45 53 53 49 4F |..SESSIO|
0400 : 4E 5F 43 4C 49 45 4E 54 |N_CLIENT|
0408 : 5F 43 48 41 52 53 45 54 |_CHARSET|
0416 : 01 03 03 38 37 33 00 01 |...873..|
0424 : 1A 1A 53 45 53 53 49 4F |..SESSIO|
0432 : 4E 5F 43 4C 49 45 4E 54 |N_CLIENT|
0440 : 5F 44 52 49 56 45 52 5F |_DRIVER_|
0448 : 4E 41 4D 45 01 1D 1D 70 |NAME...p|
0456 : 79 74 68 6F 6E 2D 6F 72 |ython-or|
0464 : 61 63 6C 65 64 62 20 74 |acledb.t|
0472 : 68 6E 20 3A 20 33 2E 35 |hn.:.3.5|
0480 : 2E 30 62 31 00 01 16 16 |.0b1....|
0488 : 53 45 53 53 49 4F 4E 5F |SESSION_|
0496 : 43 4C 49 45 4E 54 5F 56 |CLIENT_V|
0504 : 45 52 53 49 4F 4E 01 08 |ERSION..|
0512 : 08 35 35 35 37 34 35 32 |.5557452|
0520 : 38 00 01 12 12 41 55 54 |8....AUT|
0528 : 48 5F 41 4C 54 45 52 5F |H_ALTER_|
0536 : 53 45 53 53 49 4F 4E 01 |SESSION.|
0544 : 25 25 41 4C 54 45 52 20 |%%ALTER.|
0552 : 53 45 53 53 49 4F 4E 20 |SESSION.|
0560 : 53 45 54 20 54 49 4D 45 |SET.TIME|
0568 : 5F 5A 4F 4E 45 3D 27 2D |_ZONE='-|
0576 : 30 33 3A 30 30 27 00 01 |03:00'..|
0584 : 01 01 13 13 41 55 54 48 |....AUTH|
0592 : 5F 43 4F 4E 4E 45 43 54 |_CONNECT|
0600 : 5F 53 54 52 49 4E 47 01 |_STRING.|
0608 : 8D 8D 28 44 45 53 43 52 |..(DESCR|
0616 : 49 50 54 49 4F 4E 3D 28 |IPTION=(|
0624 : 41 44 44 52 45 53 53 3D |ADDRESS=|
0632 : 28 50 52 4F 54 4F 43 4F |(PROTOCO|
0640 : 4C 3D 74 63 70 29 28 48 |L=tcp)(H|
0648 : 4F 53 54 3D 6C 6F 63 61 |OST=loca|
0656 : 6C 68 6F 73 74 29 28 50 |lhost)(P|
0664 : 4F 52 54 3D 31 35 32 31 |ORT=1521|
0672 : 29 29 28 43 4F 4E 4E 45 |))(CONNE|
0680 : 43 54 5F 44 41 54 41 3D |CT_DATA=|
0688 : 28 53 45 52 56 49 43 45 |(SERVICE|
0696 : 5F 4E 41 4D 45 3D 58 45 |_NAME=XE|
0704 : 50 44 42 31 29 28 43 4F |PDB1)(CO|
0712 : 4E 4E 45 43 54 49 4F 4E |NNECTION|
0720 : 5F 49 44 3D 2B 6D 41 4B |_ID=+mAK|
0728 : 64 37 6C 6F 4B 53 2F 44 |d7loKS/D|
0736 : 78 77 66 73 47 71 2F 64 |xwfsGq/d|
0744 : 72 41 3D 3D 29 29 29 00 |rA==))).|

2025-12-03 22:34:07.570 Receiving packet [op 12] on socket 504
0000 : 00 00 07 6F 06 00 00 00 |...o....|
0008 : 00 00 08 01 31 01 13 13 |....1...|
0016 : 41 55 54 48 5F 56 45 52 |AUTH_VER|
0024 : 53 49 4F 4E 5F 53 54 52 |SION_STR|
0032 : 49 4E 47 01 0C 0C 2D 20 |ING...-.|
0040 : 50 72 6F 64 75 63 74 69 |Producti|
0048 : 6F 6E 00 01 10 10 41 55 |on....AU|
0056 : 54 48 5F 56 45 52 53 49 |TH_VERSI|
0064 : 4F 4E 5F 53 51 4C 01 02 |ON_SQL..|
0072 : 02 32 35 00 01 13 13 41 |.25....A|
0080 : 55 54 48 5F 58 41 43 54 |UTH_XACT|
0088 : 49 4F 4E 5F 54 52 41 49 |ION_TRAI|
0096 : 54 53 01 01 01 33 00 01 |TS...3..|
0104 : 0F 0F 41 55 54 48 5F 56 |..AUTH_V|
0112 : 45 52 53 49 4F 4E 5F 4E |ERSION_N|
0120 : 4F 01 09 09 33 35 32 35 |O...3525|
0128 : 31 38 31 34 34 00 01 13 |18144...|
0136 : 13 41 55 54 48 5F 56 45 |.AUTH_VE|
0144 : 52 53 49 4F 4E 5F 53 54 |RSION_ST|
0152 : 41 54 55 53 01 01 01 30 |ATUS...0|
0160 : 00 01 15 15 41 55 54 48 |....AUTH|
0168 : 5F 43 41 50 41 42 49 4C |_CAPABIL|
0176 : 49 54 59 5F 54 41 42 4C |ITY_TABL|
0184 : 45 00 00 01 0F 0F 41 55 |E.....AU|
0192 : 54 48 5F 4C 41 53 54 5F |TH_LAST_|
0200 : 4C 4F 47 49 4E 01 1A 1A |LOGIN...|
0208 : 37 38 37 44 30 43 30 34 |787D0C04|
0216 : 30 32 31 38 32 38 30 30 |02182800|
0224 : 30 30 30 30 30 30 30 30 |00000000|
0232 : 30 30 00 01 0B 0B 41 55 |00....AU|
0240 : 54 48 5F 44 42 4E 41 4D |TH_DBNAM|
0248 : 45 01 06 06 58 45 50 44 |E...XEPD|
0256 : 42 31 00 01 11 11 41 55 |B1....AU|
0264 : 54 48 5F 44 42 5F 4D 4F |TH_DB_MO|
0272 : 55 4E 54 5F 49 44 00 01 |UNT_ID..|
0280 : 0A 0A 33 31 30 30 30 34 |..310004|
0288 : 32 36 34 31 00 01 0B 0B |2641....|
0296 : 41 55 54 48 5F 44 42 5F |AUTH_DB_|
0304 : 49 44 00 01 0A 0A 33 36 |ID....36|
0312 : 31 30 37 33 31 35 36 36 |10731566|
0320 : 00 01 0C 0C 41 55 54 48 |....AUTH|
0328 : 5F 55 53 45 52 5F 49 44 |_USER_ID|
0336 : 01 03 03 31 30 39 00 01 |...109..|
0344 : 0F 0F 41 55 54 48 5F 53 |..AUTH_S|
0352 : 45 53 53 49 4F 4E 5F 49 |ESSION_I|
0360 : 44 01 02 02 31 30 00 01 |D...10..|
0368 : 0F 0F 41 55 54 48 5F 53 |..AUTH_S|
0376 : 45 52 49 41 4C 5F 4E 55 |ERIAL_NU|
0384 : 4D 01 05 05 32 36 32 37 |M...2627|
0392 : 39 00 01 10 10 41 55 54 |9....AUT|
0400 : 48 5F 49 4E 53 54 41 4E |H_INSTAN|
0408 : 43 45 5F 4E 4F 01 01 01 |CE_NO...|
0416 : 31 00 01 10 10 41 55 54 |1....AUT|
0424 : 48 5F 46 41 49 4C 4F 56 |H_FAILOV|
0432 : 45 52 5F 49 44 01 01 01 |ER_ID...|
0440 : 31 00 01 0F 0F 41 55 54 |1....AUT|
0448 : 48 5F 53 45 52 56 45 52 |H_SERVER|
0456 : 5F 50 49 44 01 05 05 31 |_PID...1|
0464 : 34 32 34 30 00 01 13 13 |4240....|
0472 : 41 55 54 48 5F 53 43 5F |AUTH_SC_|
0480 : 53 45 52 56 45 52 5F 48 |SERVER_H|
0488 : 4F 53 54 01 0F 0F 64 65 |OST...de|
0496 : 73 6B 74 6F 70 2D 6B 34 |sktop-k4|
0504 : 35 39 62 68 71 00 01 15 |59bhq...|
0512 : 15 41 55 54 48 5F 53 43 |.AUTH_SC|
0520 : 5F 44 42 55 4E 49 51 55 |_DBUNIQU|
0528 : 45 5F 4E 41 4D 45 01 02 |E_NAME..|
0536 : 02 58 45 00 01 15 15 41 |.XE....A|
0544 : 55 54 48 5F 53 43 5F 49 |UTH_SC_I|
0552 : 4E 53 54 41 4E 43 45 5F |NSTANCE_|
0560 : 4E 41 4D 45 01 02 02 78 |NAME...x|
0568 : 65 00 01 13 13 41 55 54 |e....AUT|
0576 : 48 5F 53 43 5F 49 4E 53 |H_SC_INS|
0584 : 54 41 4E 43 45 5F 49 44 |TANCE_ID|
0592 : 01 01 01 31 00 01 1B 1B |...1....|
0600 : 41 55 54 48 5F 53 43 5F |AUTH_SC_|
0608 : 49 4E 53 54 41 4E 43 45 |INSTANCE|
0616 : 5F 53 54 41 52 54 5F 54 |_START_T|
0624 : 49 4D 45 01 24 24 32 30 |IME.$$20|
0632 : 32 35 2D 31 32 2D 30 33 |25-12-03|
0640 : 20 32 30 3A 34 32 3A 34 |.20:42:4|
0648 : 30 2E 30 30 30 30 30 30 |0.000000|
0656 : 30 30 30 20 2D 30 33 3A |000.-03:|
0664 : 30 30 00 01 11 11 41 55 |00....AU|
0672 : 54 48 5F 53 43 5F 44 42 |TH_SC_DB|
0680 : 5F 44 4F 4D 41 49 4E 00 |_DOMAIN.|
0688 : 00 01 14 14 41 55 54 48 |....AUTH|
0696 : 5F 53 43 5F 53 45 52 56 |_SC_SERV|
0704 : 49 43 45 5F 4E 41 4D 45 |ICE_NAME|
0712 : 01 06 06 78 65 70 64 62 |...xepdb|
0720 : 31 00 01 1B 1B 41 55 54 |1....AUT|
0728 : 48 5F 4F 4E 53 5F 52 4C |H_ONS_RL|
0736 : 42 5F 53 55 42 53 43 52 |B_SUBSCR|
0744 : 5F 50 41 54 54 45 52 4E |_PATTERN|
0752 : 01 32 32 25 22 65 76 65 |.22%"eve|
0760 : 6E 74 54 79 70 65 3D 64 |ntType=d|
0768 : 61 74 61 62 61 73 65 2F |atabase/|
0776 : 65 76 65 6E 74 2F 73 65 |event/se|
0784 : 72 76 69 63 65 6D 65 74 |rvicemet|
0792 : 72 69 63 73 2F 78 65 70 |rics/xep|
0800 : 64 62 31 22 00 00 01 1A |db1"....|
0808 : 1A 41 55 54 48 5F 4F 4E |.AUTH_ON|
0816 : 53 5F 48 41 5F 53 55 42 |S_HA_SUB|
0824 : 53 43 52 5F 50 41 54 54 |SCR_PATT|
0832 : 45 52 4E 01 49 49 28 22 |ERN.II("|
0840 : 65 76 65 6E 74 54 79 70 |eventTyp|
0848 : 65 3D 64 61 74 61 62 61 |e=databa|
0856 : 73 65 2F 65 76 65 6E 74 |se/event|
0864 : 2F 73 65 72 76 69 63 65 |/service|
0872 : 22 29 20 7C 20 28 22 65 |").|.("e|
0880 : 76 65 6E 74 54 79 70 65 |ventType|
0888 : 3D 64 61 74 61 62 61 73 |=databas|
0896 : 65 2F 65 76 65 6E 74 2F |e/event/|
0904 : 68 6F 73 74 22 29 00 00 |host")..|
0912 : 01 1A 1A 41 55 54 48 5F |...AUTH_|
0920 : 53 43 5F 52 45 41 4C 5F |SC_REAL_|
0928 : 44 42 55 4E 49 51 55 45 |DBUNIQUE|
0936 : 5F 4E 41 4D 45 01 02 02 |_NAME...|
0944 : 58 45 00 01 11 11 41 55 |XE....AU|
0952 : 54 48 5F 49 4E 53 54 41 |TH_INSTA|
0960 : 4E 43 45 4E 41 4D 45 01 |NCENAME.|
0968 : 02 02 78 65 00 01 0F 0F |..xe....|
0976 : 41 55 54 48 5F 4E 4C 53 |AUTH_NLS|
0984 : 5F 4C 58 4C 41 4E 00 01 |_LXLAN..|
0992 : 14 14 42 52 41 5A 49 4C |..BRAZIL|
1000 : 49 41 4E 20 50 4F 52 54 |IAN.PORT|
1008 : 55 47 55 45 53 45 00 01 |UGUESE..|
1016 : 16 16 41 55 54 48 5F 4E |..AUTH_N|
1024 : 4C 53 5F 4C 58 43 54 45 |LS_LXCTE|
1032 : 52 52 49 54 4F 52 59 00 |RRITORY.|
1040 : 01 06 06 42 52 41 5A 49 |...BRAZI|
1048 : 4C 00 01 15 15 41 55 54 |L....AUT|
1056 : 48 5F 4E 4C 53 5F 4C 58 |H_NLS_LX|
1064 : 43 43 55 52 52 45 4E 43 |CCURRENC|
1072 : 59 00 01 02 02 52 24 00 |Y....R$.|
1080 : 01 14 14 41 55 54 48 5F |...AUTH_|
1088 : 4E 4C 53 5F 4C 58 43 49 |NLS_LXCI|
1096 : 53 4F 43 55 52 52 00 01 |SOCURR..|
1104 : 06 06 42 52 41 5A 49 4C |..BRAZIL|
1112 : 00 01 15 15 41 55 54 48 |....AUTH|
1120 : 5F 4E 4C 53 5F 4C 58 43 |_NLS_LXC|
1128 : 4E 55 4D 45 52 49 43 53 |NUMERICS|
1136 : 00 01 02 02 2C 2E 00 01 |....,...|
1144 : 13 13 41 55 54 48 5F 4E |..AUTH_N|
1152 : 4C 53 5F 4C 58 43 44 41 |LS_LXCDA|
1160 : 54 45 46 4D 00 01 08 08 |TEFM....|
1168 : 44 44 2F 4D 4D 2F 52 52 |DD/MM/RR|
1176 : 00 01 15 15 41 55 54 48 |....AUTH|
1184 : 5F 4E 4C 53 5F 4C 58 43 |_NLS_LXC|
1192 : 44 41 54 45 4C 41 4E 47 |DATELANG|
1200 : 00 01 14 14 42 52 41 5A |....BRAZ|
1208 : 49 4C 49 41 4E 20 50 4F |ILIAN.PO|
1216 : 52 54 55 47 55 45 53 45 |RTUGUESE|
1224 : 00 01 11 11 41 55 54 48 |....AUTH|
1232 : 5F 4E 4C 53 5F 4C 58 43 |_NLS_LXC|
1240 : 53 4F 52 54 00 01 0D 0D |SORT....|
1248 : 57 45 53 54 5F 45 55 52 |WEST_EUR|
1256 : 4F 50 45 41 4E 00 01 15 |OPEAN...|
1264 : 15 41 55 54 48 5F 4E 4C |.AUTH_NL|
1272 : 53 5F 4C 58 43 43 41 4C |S_LXCCAL|
1280 : 45 4E 44 41 52 00 01 09 |ENDAR...|
1288 : 09 47 52 45 47 4F 52 49 |.GREGORI|
1296 : 41 4E 00 01 15 15 41 55 |AN....AU|
1304 : 54 48 5F 4E 4C 53 5F 4C |TH_NLS_L|
1312 : 58 43 55 4E 49 4F 4E 43 |XCUNIONC|
1320 : 55 52 00 01 03 03 43 72 |UR....Cr|
1328 : 24 00 01 13 13 41 55 54 |$....AUT|
1336 : 48 5F 4E 4C 53 5F 4C 58 |H_NLS_LX|
1344 : 43 54 49 4D 45 46 4D 00 |CTIMEFM.|
1352 : 01 0D 0D 48 48 32 34 3A |...HH24:|
1360 : 4D 49 3A 53 53 58 46 46 |MI:SSXFF|
1368 : 00 01 13 13 41 55 54 48 |....AUTH|
1376 : 5F 4E 4C 53 5F 4C 58 43 |_NLS_LXC|
1384 : 53 54 4D 50 46 4D 00 01 |STMPFM..|
1392 : 16 16 44 44 2F 4D 4D 2F |..DD/MM/|
1400 : 52 52 20 48 48 32 34 3A |RR.HH24:|
1408 : 4D 49 3A 53 53 58 46 46 |MI:SSXFF|
1416 : 00 01 13 13 41 55 54 48 |....AUTH|
1424 : 5F 4E 4C 53 5F 4C 58 43 |_NLS_LXC|
1432 : 54 54 5A 4E 46 4D 00 01 |TTZNFM..|
1440 : 11 11 48 48 32 34 3A 4D |..HH24:M|
1448 : 49 3A 53 53 58 46 46 20 |I:SSXFF.|
1456 : 54 5A 52 00 01 13 13 41 |TZR....A|
1464 : 55 54 48 5F 4E 4C 53 5F |UTH_NLS_|
1472 : 4C 58 43 53 54 5A 4E 46 |LXCSTZNF|
1480 : 4D 00 01 1A 1A 44 44 2F |M....DD/|
1488 : 4D 4D 2F 52 52 20 48 48 |MM/RR.HH|
1496 : 32 34 3A 4D 49 3A 53 53 |24:MI:SS|
1504 : 58 46 46 20 54 5A 52 00 |XFF.TZR.|
1512 : 01 18 18 41 55 54 48 5F |...AUTH_|
1520 : 4E 4C 53 5F 4C 58 4C 45 |NLS_LXLE|
1528 : 4E 53 45 4D 41 4E 54 49 |NSEMANTI|
1536 : 43 53 00 01 04 04 42 59 |CS....BY|
1544 : 54 45 00 01 19 19 41 55 |TE....AU|
1552 : 54 48 5F 4E 4C 53 5F 4C |TH_NLS_L|
1560 : 58 4E 43 48 41 52 43 4F |XNCHARCO|
1568 : 4E 56 45 58 43 50 00 01 |NVEXCP..|
1576 : 05 05 46 41 4C 53 45 00 |..FALSE.|
1584 : 01 10 10 41 55 54 48 5F |...AUTH_|
1592 : 4E 4C 53 5F 4C 58 43 4F |NLS_LXCO|
1600 : 4D 50 00 01 06 06 42 49 |MP....BI|
1608 : 4E 41 52 59 00 01 11 11 |NARY....|
1616 : 41 55 54 48 5F 53 56 52 |AUTH_SVR|
1624 : 5F 52 45 53 50 4F 4E 53 |_RESPONS|
1632 : 45 01 60 60 39 38 41 45 |E.``98AE|
1640 : 36 43 41 41 31 33 46 37 |6CAA13F7|
1648 : 31 37 45 35 43 44 37 35 |17E5CD75|
1656 : 46 38 33 45 45 37 30 30 |F83EE700|
1664 : 34 30 35 32 30 34 36 32 |40520462|
1672 : 31 45 36 46 39 46 33 37 |1E6F9F37|
1680 : 44 38 45 45 32 30 45 37 |D8EE20E7|
1688 : 35 43 30 38 46 36 35 42 |5C08F65B|
1696 : 41 41 37 33 43 43 45 32 |AA73CCE2|
1704 : 37 37 42 39 35 44 30 34 |77B95D04|
1712 : 43 42 42 42 32 44 42 43 |CBBB2DBC|
1720 : 44 41 36 37 38 37 36 41 |DA67876A|
1728 : 34 35 33 31 00 01 15 15 |4531....|
1736 : 41 55 54 48 5F 4D 41 58 |AUTH_MAX|
1744 : 5F 4F 50 45 4E 5F 43 55 |_OPEN_CU|
1752 : 52 53 4F 52 53 01 03 03 |RSORS...|
1760 : 33 30 30 00 01 0D 0D 41 |300....A|
1768 : 55 54 48 5F 50 44 42 5F |UTH_PDB_|
1776 : 55 49 44 00 01 0A 0A 33 |UID....3|
1784 : 36 31 30 37 33 31 35 36 |61073156|
1792 : 36 00 01 14 14 41 55 54 |6....AUT|
1800 : 48 5F 4D 41 58 5F 49 44 |H_MAX_ID|
1808 : 45 4E 5F 4C 45 4E 47 54 |EN_LENGT|
1816 : 48 01 03 03 31 32 38 00 |H...128.|
1824 : 01 0A 0A 41 55 54 48 5F |...AUTH_|
1832 : 46 4C 41 47 53 01 01 01 |FLAGS...|
1840 : 31 00 17 05 01 01 10 01 |1.......|
1848 : 01 16 00 01 0B 0B 80 00 |........|
1856 : 00 00 39 3C 3C 80 00 00 |..9<<...|
1864 : 00 01 A3 00 04 01 01 01 |........|
1872 : 5C 00 00 00 00 00 00 00 |\.......|
1880 : 00 00 00 00 00 00 00 00 |........|
1888 : 00 00 00 00 02 00 00 00 |........|
1896 : 00 00 00 00 00 00 00    |....... |

2025-12-03 22:34:07.571 Sending packet [op 13] on socket 504
0000 : 00 00 00 60 06 00 00 00 |...`....|
0008 : 00 00 03 5E 03 02 80 61 |...^...a|
0016 : 00 01 01 12 01 01 0D 00 |........|
0024 : 00 00 01 02 04 7F FF FF |........|
0032 : FF 00 00 00 00 00 00 00 |........|
0040 : 00 00 00 00 01 00 00 00 |........|
0048 : 00 00 00 00 00 00 00 00 |........|
0056 : 00 00 00 00 12 53 45 4C |.....SEL|
0064 : 45 43 54 20 31 20 46 52 |ECT.1.FR|
0072 : 4F 4D 20 64 75 61 6C 01 |OM.dual.|
0080 : 01 00 00 00 00 00 00 01 |........|
0088 : 01 00 02 80 00 00 00 00 |........|

2025-12-03 22:34:07.572 Receiving packet [op 14] on socket 504
0000 : 00 00 00 C0 06 00 00 00 |........|
0008 : 00 00 10 17 35 EB CD 3C |....5..<|
0016 : C5 10 BE 7F DF 53 B1 84 |.....S..|
0024 : 48 BB 2D DA 78 7D 0C 03 |H.-.x}..|
0032 : 17 09 2A 01 02 01 01 5C |..*....\|
0040 : 02 00 00 81 01 02 00 00 |........|
0048 : 00 00 00 00 00 00 01 01 |........|
0056 : 01 01 01 31 00 00 00 00 |...1....|
0064 : 01 07 07 78 7D 0C 03 17 |...x}...|
0072 : 23 08 00 02 1F E8 01 02 |#.......|
0080 : 01 02 00 06 22 01 01 00 |...."...|
0088 : 01 02 00 00 00 07 02 C1 |........|
0096 : 02 08 01 06 03 2C 44 84 |.....,D.|
0104 : 00 01 02 00 00 00 00 00 |........|
0112 : 00 04 01 01 01 5D 01 01 |.....]..|
0120 : 02 05 7B 00 00 01 02 00 |..{.....|
0128 : 03 00 00 00 00 00 00 00 |........|
0136 : 00 00 00 00 00 03 00 01 |........|
0144 : 01 00 00 00 00 02 05 7B |.......{|
0152 : 01 01 01 03 00 22 4F 52 |....."OR|
0160 : 41 2D 30 31 34 30 33 3A |A-01403:|
0168 : 20 64 61 64 6F 73 20 6E |.dados.n|
0176 : C3 A3 6F 20 65 6E 63 6F |..o.enco|
0184 : 6E 74 72 61 64 6F 73 0A |ntrados.|

Query result: (1,)
2025-12-03 22:34:07.572 Sending packet [op 15] on socket 504
0000 : 00 00 00 0D 06 00 00 00 |........|
0008 : 00 00 03 09 04          |.....   |

2025-12-03 22:34:07.573 Receiving packet [op 16] on socket 504
0000 : 00 00 00 0E 06 00 00 00 |........|
0008 : 00 00 09 01 01 00       |......  |

2025-12-03 22:34:07.573 Sending packet [op 17] on socket 504
0000 : 00 00 00 0A 06 00 00 00 |........|
0008 : 00 40                   |.@      |

2025-12-03 22:34:07.573 Disconnecting transport [op 18] on socket 504

